{"/Users/gulshan/Documents/React/src/components/Contact.jsx": {"path":"/Users/gulshan/Documents/React/src/components/Contact.jsx","statementMap":{"0":{"start":{"line":3,"column":16},"end":{"line":16,"column":1}},"1":{"start":{"line":4,"column":2},"end":{"line":15,"column":4}}},"fnMap":{"0":{"name":"(anonymous_0)","decl":{"start":{"line":3,"column":16},"end":{"line":3,"column":17}},"loc":{"start":{"line":3,"column":22},"end":{"line":16,"column":1}},"line":3}},"branchMap":{},"s":{"0":1,"1":5},"f":{"0":5},"b":{},"_coverageSchema":"1a1c01bbd47fc00a2c39e90264f33305004495a9","hash":"fa0f9654f3806228df91f55fd37caff0aeabda16"}
,"/Users/gulshan/Documents/React/src/components/RestaurantCard.jsx": {"path":"/Users/gulshan/Documents/React/src/components/RestaurantCard.jsx","statementMap":{"0":{"start":{"line":3,"column":23},"end":{"line":23,"column":1}},"1":{"start":{"line":4,"column":22},"end":{"line":4,"column":27}},"2":{"start":{"line":5,"column":64},"end":{"line":5,"column":77}},"3":{"start":{"line":7,"column":2},"end":{"line":22,"column":4}},"4":{"start":{"line":25,"column":28},"end":{"line":34,"column":1}},"5":{"start":{"line":26,"column":2},"end":{"line":33,"column":4}},"6":{"start":{"line":27,"column":4},"end":{"line":32,"column":6}}},"fnMap":{"0":{"name":"(anonymous_0)","decl":{"start":{"line":3,"column":23},"end":{"line":3,"column":24}},"loc":{"start":{"line":3,"column":34},"end":{"line":23,"column":1}},"line":3},"1":{"name":"(anonymous_1)","decl":{"start":{"line":25,"column":28},"end":{"line":25,"column":29}},"loc":{"start":{"line":25,"column":48},"end":{"line":34,"column":1}},"line":25},"2":{"name":"(anonymous_2)","decl":{"start":{"line":26,"column":9},"end":{"line":26,"column":10}},"loc":{"start":{"line":26,"column":20},"end":{"line":33,"column":3}},"line":26}},"branchMap":{},"s":{"0":1,"1":5,"2":4,"3":0,"4":1,"5":0,"6":0},"f":{"0":5,"1":0,"2":0},"b":{},"_coverageSchema":"1a1c01bbd47fc00a2c39e90264f33305004495a9","hash":"2c90dc063230715f00db022691075f768c9e5ff6"}
,"/Users/gulshan/Documents/React/src/utils/constants.js": {"path":"/Users/gulshan/Documents/React/src/utils/constants.js","statementMap":{"0":{"start":{"line":2,"column":2},"end":{"line":2,"column":85}},"1":{"start":{"line":4,"column":2},"end":{"line":4,"column":96}},"2":{"start":{"line":7,"column":2},"end":{"line":7,"column":178}},"3":{"start":{"line":10,"column":2},"end":{"line":10,"column":162}}},"fnMap":{},"branchMap":{},"s":{"0":1,"1":1,"2":1,"3":1},"f":{},"b":{},"_coverageSchema":"1a1c01bbd47fc00a2c39e90264f33305004495a9","hash":"21ae2126b7a4b6a193050f46597bc0765a90cc44"}
}
