{"/Users/gulshan/Documents/React/src/components/Contact.jsx": {"path":"/Users/gulshan/Documents/React/src/components/Contact.jsx","statementMap":{"0":{"start":{"line":3,"column":16},"end":{"line":9,"column":1}},"1":{"start":{"line":4,"column":2},"end":{"line":8,"column":4}}},"fnMap":{"0":{"name":"(anonymous_0)","decl":{"start":{"line":3,"column":16},"end":{"line":3,"column":17}},"loc":{"start":{"line":3,"column":22},"end":{"line":9,"column":1}},"line":3}},"branchMap":{},"s":{"0":1,"1":1},"f":{"0":1},"b":{},"_coverageSchema":"1a1c01bbd47fc00a2c39e90264f33305004495a9","hash":"76394c00289fb9b4570a808b5d532589b309e38b"}
}
